TN:
SF:bin/index.js
FN:7,(anonymous_0)
FNF:1
FNH:1
FNDA:2,(anonymous_0)
DA:2,2
DA:3,2
DA:7,2
LF:3
LH:3
BRF:0
BRH:0
end_of_record
TN:
SF:src/index.js
FN:4,validateArgs
FN:13,(anonymous_1)
FN:23,(anonymous_2)
FN:34,(anonymous_3)
FN:34,_callee2
FN:36,(anonymous_6)
FN:39,(anonymous_7)
FN:39,_callee
FN:34,requestJSONs
FN:13,(anonymous_1)
FN:23,(anonymous_2)
FN:34,_callee2
FN:36,(anonymous_6)
FNF:13
FNH:9
FNDA:5,validateArgs
FNDA:0,(anonymous_1)
FNDA:0,(anonymous_2)
FNDA:4,(anonymous_3)
FNDA:0,_callee2
FNDA:0,(anonymous_6)
FNDA:5,(anonymous_7)
FNDA:11,_callee
FNDA:5,requestJSONs
FNDA:3,(anonymous_1)
FNDA:4,(anonymous_2)
FNDA:19,_callee2
FNDA:3,(anonymous_6)
DA:1,4
DA:2,4
DA:4,3
DA:5,5
DA:10,5
DA:11,2
DA:12,3
DA:13,2
DA:14,3
DA:15,1
DA:18,1
DA:20,1
DA:23,3
DA:24,4
DA:25,4
DA:27,1
DA:31,2
DA:34,48
DA:35,5
DA:36,3
DA:39,43
DA:40,3
DA:43,2
DA:44,2
DA:46,1
DA:54,4
LF:26
LH:26
BRDA:10,0,0,2
BRDA:10,0,1,3
BRDA:12,1,0,2
BRDA:12,1,1,1
BRDA:14,2,0,1
BRDA:14,2,1,2
BRDA:34,3,0,0
BRDA:34,3,1,0
BRDA:34,3,2,0
BRDA:34,3,3,0
BRDA:34,3,4,0
BRDA:39,4,0,3
BRDA:39,4,1,2
BRDA:39,4,2,1
BRDA:39,4,3,3
BRDA:39,4,4,0
BRDA:39,4,5,3
BRDA:39,5,0,1
BRDA:39,5,1,2
BRDA:34,6,0,5
BRDA:34,6,1,2
BRDA:34,6,2,2
BRDA:34,6,3,0
BRDA:34,6,4,5
BRF:24
BRH:17
end_of_record
